npm verbose cli C:\Program Files\nodejs\node.exe C:\Users\mayco\AppData\Roaming\npm\node_modules\npm\bin\npm-cli.js
npm info using npm@10.8.1
npm info using node@v20.11.0
npm verbose title npm install
npm verbose argv "install" "--legacy-peer-deps" "--loglevel" "verbose"
npm verbose logfile logs-max:10 dir:C:\Users\mayco\AppData\Local\npm-cache\_logs\2024-08-05T23_13_09_716Z-
npm verbose logfile C:\Users\mayco\AppData\Local\npm-cache\_logs\2024-08-05T23_13_09_716Z-debug-0.log
npm http fetch GET 200 https://registry.npmjs.org/@faker-js%2ffaker 8ms (cache hit)
npm http fetch GET 200 https://registry.npmjs.org/cypress 4ms (cache hit)
npm http fetch GET 200 https://registry.npmjs.org/cypress-mochawesome-reporter 3ms (cache hit)
npm http fetch GET 200 https://registry.npmjs.org/browserstack-cypress-cli 832ms (cache revalidated)
npm http fetch GET 200 https://registry.npmjs.org/glob 37ms (cache hit)
npm http fetch GET 200 https://registry.npmjs.org/async 40ms (cache hit)
npm http fetch GET 200 https://registry.npmjs.org/uuid 44ms (cache hit)
npm http fetch GET 200 https://registry.npmjs.org/chalk 45ms (cache hit)
npm http fetch GET 200 https://registry.npmjs.org/yargs 48ms (cache hit)
npm http fetch GET 200 https://registry.npmjs.org/fs-extra 53ms (cache hit)
npm http fetch GET 200 https://registry.npmjs.org/tmp 45ms (cache hit)
npm http fetch GET 200 https://registry.npmjs.org/arch 44ms (cache hit)
npm http fetch GET 200 https://registry.npmjs.org/chalk 43ms (cache hit)
npm http fetch GET 200 https://registry.npmjs.org/debug 38ms (cache hit)
npm http fetch GET 200 https://registry.npmjs.org/dayjs 46ms (cache hit)
npm http fetch GET 200 https://registry.npmjs.org/execa 40ms (cache hit)
npm http fetch GET 200 https://registry.npmjs.org/is-ci 17ms (cache hit)
npm http fetch GET 200 https://registry.npmjs.org/getos 20ms (cache hit)
npm http fetch GET 200 https://registry.npmjs.org/yauzl 17ms (cache hit)
npm http fetch GET 200 https://registry.npmjs.org/listr2 13ms (cache hit)
npm http fetch GET 200 https://registry.npmjs.org/buffer 23ms (cache hit)
npm http fetch GET 200 https://registry.npmjs.org/lodash 18ms (cache hit)
npm http fetch GET 200 https://registry.npmjs.org/mkdirp 122ms (cache revalidated)
npm http fetch GET 200 https://registry.npmjs.org/table 125ms (cache revalidated)
npm http fetch GET 200 https://registry.npmjs.org/ospath 27ms (cache hit)
npm http fetch GET 200 https://registry.npmjs.org/figures 25ms (cache hit)
npm http fetch GET 200 https://registry.npmjs.org/semver 27ms (cache hit)
npm http fetch GET 200 https://registry.npmjs.org/bluebird 19ms (cache hit)
npm http fetch GET 200 https://registry.npmjs.org/process 26ms (cache hit)
npm http fetch GET 200 https://registry.npmjs.org/cachedir 20ms (cache hit)
npm http fetch GET 200 https://registry.npmjs.org/lazy-ass 17ms (cache hit)
npm http fetch GET 200 https://registry.npmjs.org/enquirer 21ms (cache hit)
npm http fetch GET 200 https://registry.npmjs.org/decompress 146ms (cache revalidated)
npm http fetch GET 200 https://registry.npmjs.org/git-repo-info 146ms (cache revalidated)
npm http fetch GET 200 https://registry.npmjs.org/blob-util 20ms (cache hit)
npm http fetch GET 200 https://registry.npmjs.org/untildify 18ms (cache hit)
npm http fetch GET 200 https://registry.npmjs.org/minimist 25ms (cache hit)
npm http fetch GET 200 https://registry.npmjs.org/commander 25ms (cache hit)
npm http fetch GET 200 https://registry.npmjs.org/cli-cursor 28ms (cache hit)
npm http fetch GET 200 https://registry.npmjs.org/cli-table3 28ms (cache hit)
npm http fetch GET 200 https://registry.npmjs.org/archiver 173ms (cache revalidated)
npm http fetch GET 200 https://registry.npmjs.org/browserstack-local 173ms (cache revalidated)
npm http fetch GET 200 https://registry.npmjs.org/gitconfiglocal 175ms (cache revalidated)
npm http fetch GET 200 https://registry.npmjs.org/mocha 180ms (cache revalidated)
npm http fetch GET 200 https://registry.npmjs.org/executable 52ms (cache hit)
npm http fetch GET 200 https://registry.npmjs.org/extract-zip 50ms (cache hit)
npm http fetch GET 200 https://registry.npmjs.org/common-tags 53ms (cache hit)
npm http fetch GET 200 https://registry.npmjs.org/log-symbols 52ms (cache hit)
npm http fetch GET 200 https://registry.npmjs.org/cli-progress 207ms (cache revalidated)
npm http fetch GET 200 https://registry.npmjs.org/pretty-bytes 57ms (cache hit)
npm http fetch GET 200 https://registry.npmjs.org/@cypress%2fxvfb 55ms (cache hit)
npm http fetch GET 200 https://registry.npmjs.org/@types%2fsizzle 54ms (cache hit)
npm http fetch GET 200 https://registry.npmjs.org/eventemitter2 49ms (cache hit)
npm http fetch GET 200 https://registry.npmjs.org/supports-color 44ms (cache hit)
npm http fetch GET 200 https://registry.npmjs.org/proxy-from-env 46ms (cache hit)
npm http fetch GET 200 https://registry.npmjs.org/request-progress 41ms (cache hit)
npm http fetch GET 200 https://registry.npmjs.org/check-more-types 43ms (cache hit)
npm http fetch GET 200 https://registry.npmjs.org/@cypress%2frequest 46ms (cache hit)
npm http fetch GET 200 https://registry.npmjs.org/is-installed-globally 26ms (cache hit)
npm http fetch GET 200 https://registry.npmjs.org/@types%2fsinonjs__fake-timers 25ms (cache hit)
npm http fetch GET 200 https://registry.npmjs.org/mochawesome 23ms (cache hit)
npm http fetch GET 200 https://registry.npmjs.org/mochawesome-merge 23ms (cache hit)
npm http fetch GET 200 https://registry.npmjs.org/mochawesome-report-generator 23ms (cache hit)
npm http fetch GET 200 https://registry.npmjs.org/git-last-commit 714ms (cache revalidated)
npm http fetch GET 200 https://registry.npmjs.org/winston 716ms (cache revalidated)
npm http fetch GET 200 https://registry.npmjs.org/windows-release 717ms (cache revalidated)
npm http fetch GET 200 https://registry.npmjs.org/update-notifier 742ms (cache revalidated)
npm http fetch GET 200 https://registry.npmjs.org/node-ipc 745ms (cache revalidated)
npm http fetch GET 200 https://registry.npmjs.org/request 748ms (cache revalidated)
npm http fetch GET 200 https://registry.npmjs.org/getmac 760ms (cache revalidated)
npm http fetch GET 200 https://registry.npmjs.org/requestretry 833ms (cache revalidated)
npm http fetch GET 200 https://registry.npmjs.org/buffer-crc32 29ms (cache hit)
npm http fetch GET 200 https://registry.npmjs.org/string-width 26ms (cache hit)
npm http fetch GET 200 https://registry.npmjs.org/pify 25ms (cache hit)
npm http fetch GET 200 https://registry.npmjs.org/ansi-styles 28ms (cache hit)
npm http fetch GET 200 https://registry.npmjs.org/graceful-fs 28ms (cache hit)
npm http fetch GET 200 https://registry.npmjs.org/jsonfile 28ms (cache hit)
npm http fetch GET 200 https://registry.npmjs.org/graceful-fs 29ms (cache hit)
npm http fetch GET 200 https://registry.npmjs.org/ini 13ms (cache hit)
npm http fetch GET 200 https://registry.npmjs.org/universalify 16ms (cache hit)
npm http fetch GET 200 https://registry.npmjs.org/@types%2fnode 23ms (cache hit)
npm http fetch GET 200 https://registry.npmjs.org/once 65ms (cache hit)
npm http fetch GET 200 https://registry.npmjs.org/inflight 69ms (cache hit)
npm http fetch GET 200 https://registry.npmjs.org/inherits 68ms (cache hit)
npm http fetch GET 200 https://registry.npmjs.org/minimatch 72ms (cache hit)
npm http fetch GET 200 https://registry.npmjs.org/agent-base 112ms (cache revalidated)
npm http fetch GET 200 https://registry.npmjs.org/https-proxy-agent 114ms (cache revalidated)
npm http fetch GET 200 https://registry.npmjs.org/decompress-targz 114ms (cache revalidated)
npm http fetch GET 200 https://registry.npmjs.org/readdir-glob 117ms (cache revalidated)
npm http fetch GET 200 https://registry.npmjs.org/tar-stream 119ms (cache revalidated)
npm http fetch GET 200 https://registry.npmjs.org/ps-tree 119ms (cache revalidated)
npm http fetch GET 200 https://registry.npmjs.org/zip-stream 121ms (cache revalidated)
npm http fetch GET 200 https://registry.npmjs.org/archiver-utils 126ms (cache revalidated)
npm http fetch GET 200 https://registry.npmjs.org/readable-stream 128ms (cache revalidated)
npm http fetch GET 200 https://registry.npmjs.org/path-is-absolute 87ms (cache hit)
npm http fetch GET 200 https://registry.npmjs.org/fs.realpath 88ms (cache hit)
npm http fetch GET 200 https://registry.npmjs.org/ansi-colors 38ms (cache hit)
npm http fetch GET 200 https://registry.npmjs.org/diff 30ms (cache hit)
npm http fetch GET 200 https://registry.npmjs.org/escape-string-regexp 27ms (cache hit)
npm http fetch GET 200 https://registry.npmjs.org/ms 24ms (cache hit)
npm http fetch GET 200 https://registry.npmjs.org/find-up 29ms (cache hit)
npm http fetch GET 200 https://registry.npmjs.org/yargs 23ms (cache hit)
npm http fetch GET 200 https://registry.npmjs.org/yargs-parser 27ms (cache hit)
npm http fetch GET 200 https://registry.npmjs.org/strip-dirs 154ms (cache revalidated)
npm http fetch GET 200 https://registry.npmjs.org/aws-sign2 23ms (cache hit)
npm http fetch GET 200 https://registry.npmjs.org/aws4 19ms (cache hit)
npm http fetch GET 200 https://registry.npmjs.org/caseless 19ms (cache hit)
npm http fetch GET 200 https://registry.npmjs.org/combined-stream 14ms (cache hit)
npm http fetch GET 200 https://registry.npmjs.org/extend 12ms (cache hit)
npm http fetch GET 200 https://registry.npmjs.org/forever-agent 10ms (cache hit)
npm http fetch GET 200 https://registry.npmjs.org/form-data 9ms (cache hit)
npm http fetch GET 200 https://registry.npmjs.org/chokidar 71ms (cache revalidated)
npm http fetch GET 200 https://registry.npmjs.org/http-signature 12ms (cache hit)
npm http fetch GET 200 https://registry.npmjs.org/is-typedarray 12ms (cache hit)
npm http fetch GET 200 https://registry.npmjs.org/isstream 13ms (cache hit)
npm http fetch GET 200 https://registry.npmjs.org/strip-json-comments 61ms (cache revalidated)
npm http fetch GET 200 https://registry.npmjs.org/json-stringify-safe 15ms (cache hit)
npm http fetch GET 200 https://registry.npmjs.org/workerpool 63ms (cache revalidated)
npm http fetch GET 200 https://registry.npmjs.org/mime-types 16ms (cache hit)
npm http fetch GET 200 https://registry.npmjs.org/performance-now 15ms (cache hit)
npm http fetch GET 200 https://registry.npmjs.org/qs 15ms (cache hit)
npm http fetch GET 200 https://registry.npmjs.org/js-yaml 81ms (cache revalidated)
npm http fetch GET 200 https://registry.npmjs.org/serialize-javascript 80ms (cache revalidated)
npm http fetch GET 200 https://registry.npmjs.org/browser-stdout 107ms (cache revalidated)
npm http fetch GET 200 https://registry.npmjs.org/safe-buffer 22ms (cache hit)
npm http fetch GET 200 https://registry.npmjs.org/tough-cookie 22ms (cache hit)
npm http fetch GET 200 https://registry.npmjs.org/tunnel-agent 23ms (cache hit)
npm http fetch GET 200 https://registry.npmjs.org/yargs-unparser 77ms (cache revalidated)
npm http fetch GET 200 https://registry.npmjs.org/slice-ansi 22ms (cache hit)
npm http fetch GET 200 https://registry.npmjs.org/he 97ms (cache revalidated)
npm http fetch GET 200 https://registry.npmjs.org/js-message 81ms (cache revalidated)
npm http fetch GET 200 https://registry.npmjs.org/har-validator 59ms (cache revalidated)
npm http fetch GET 200 https://registry.npmjs.org/oauth-sign 53ms (cache revalidated)
npm http fetch GET 200 https://registry.npmjs.org/y18n 3ms (cache hit)
npm http fetch GET 200 https://registry.npmjs.org/cliui 2ms (cache hit)
npm http fetch GET 200 https://registry.npmjs.org/decamelize 2ms (cache hit)
npm http fetch GET 200 https://registry.npmjs.org/set-blocking 1ms (cache hit)
npm http fetch GET 200 https://registry.npmjs.org/which-module 2ms (cache hit)
npm http fetch GET 200 https://registry.npmjs.org/ajv 58ms (cache revalidated)
npm http fetch GET 200 https://registry.npmjs.org/get-caller-file 8ms (cache hit)
npm http fetch GET 200 https://registry.npmjs.org/require-directory 3ms (cache hit)
npm http fetch GET 200 https://registry.npmjs.org/require-main-filename 4ms (cache hit)
npm http fetch GET 200 https://registry.npmjs.org/boxen 75ms (cache revalidated)
npm http fetch GET 200 https://registry.npmjs.org/is-npm 79ms (cache revalidated)
npm http fetch GET 200 https://registry.npmjs.org/import-lazy 75ms (cache revalidated)
npm http fetch GET 200 https://registry.npmjs.org/decompress-tar 280ms (cache revalidated)
npm http fetch GET 200 https://registry.npmjs.org/semver-diff 78ms (cache revalidated)
npm http fetch GET 200 https://registry.npmjs.org/configstore 84ms (cache revalidated)
npm http fetch GET 200 https://registry.npmjs.org/colors 108ms (cache revalidated)
npm http fetch GET 200 https://registry.npmjs.org/latest-version 120ms (cache revalidated)
npm http fetch GET 200 https://registry.npmjs.org/eyes 123ms (cache revalidated)
npm http fetch GET 200 https://registry.npmjs.org/is-running 629ms (cache revalidated)
npm http fetch GET 200 https://registry.npmjs.org/decompress-tarbz2 670ms (cache revalidated)
npm http fetch GET 200 https://registry.npmjs.org/temp-fs 681ms (cache revalidated)
npm http fetch GET 200 https://registry.npmjs.org/make-dir 713ms (cache revalidated)
npm http fetch GET 200 https://registry.npmjs.org/decompress-unzip 722ms (cache revalidated)
npm http fetch GET 200 https://registry.npmjs.org/js-queue 679ms (cache revalidated)
npm http fetch GET 200 https://registry.npmjs.org/event-pubsub 683ms (cache revalidated)
npm http fetch GET 200 https://registry.npmjs.org/pupa 661ms (cache revalidated)
npm http fetch GET 200 https://registry.npmjs.org/is-in-ci 678ms (cache revalidated)
npm http fetch GET 200 https://registry.npmjs.org/stack-trace 704ms (cache revalidated)
npm http fetch GET 200 https://registry.npmjs.org/cycle 779ms (cache revalidated)
npm http fetch GET 200 https://registry.npmjs.org/xdg-basedir 887ms (cache revalidated)
npm http fetch GET 200 https://registry.npmjs.org/end-of-stream 14ms (cache hit)
npm http fetch GET 200 https://registry.npmjs.org/bl 49ms (cache revalidated)
npm http fetch GET 200 https://registry.npmjs.org/normalize-path 58ms (cache revalidated)
npm http fetch GET 200 https://registry.npmjs.org/lodash.difference 62ms (cache revalidated)
npm http fetch GET 200 https://registry.npmjs.org/lazystream 78ms (cache revalidated)
npm http fetch GET 200 https://registry.npmjs.org/fs-constants 75ms (cache revalidated)
npm http fetch GET 200 https://registry.npmjs.org/lodash.union 78ms (cache revalidated)
npm http fetch GET 200 https://registry.npmjs.org/compress-commons 75ms (cache revalidated)
npm http fetch GET 200 https://registry.npmjs.org/string_decoder 92ms (cache revalidated)
npm http fetch GET 200 https://registry.npmjs.org/util-deprecate 272ms (cache revalidated)
npm http fetch GET 200 https://registry.npmjs.org/lodash.isplainobject 649ms (cache revalidated)
npm http fetch GET 200 https://registry.npmjs.org/lodash.flatten 679ms (cache revalidated)
npm http fetch GET 200 https://registry.npmjs.org/lodash.defaults 684ms (cache revalidated)
npm http fetch GET 200 https://registry.npmjs.org/core-util-is 6ms (cache hit)
npm http fetch GET 200 https://registry.npmjs.org/process-nextick-args 34ms (cache revalidated)
npm http fetch GET 200 https://registry.npmjs.org/isarray 79ms (cache revalidated)
npm http fetch GET 200 https://registry.npmjs.org/rimraf 49ms (cache revalidated)
npm http fetch GET 200 https://registry.npmjs.org/event-stream 661ms (cache revalidated)
npm http fetch GET 200 https://registry.npmjs.org/has-flag 3ms (cache hit)
npm http fetch GET 200 https://registry.npmjs.org/color-convert 4ms (cache hit)
npm http fetch GET 200 https://registry.npmjs.org/color-name 2ms (cache hit)
npm http fetch GET 200 https://registry.npmjs.org/is-fullwidth-code-point 3ms (cache hit)
npm http fetch GET 200 https://registry.npmjs.org/emoji-regex 4ms (cache hit)
npm http fetch GET 200 https://registry.npmjs.org/strip-ansi 6ms (cache hit)
npm http fetch GET 200 https://registry.npmjs.org/restore-cursor 27ms (cache hit)
npm http fetch GET 200 https://registry.npmjs.org/onetime 28ms (cache hit)
npm http fetch GET 200 https://registry.npmjs.org/ieee754 29ms (cache hit)
npm http fetch GET 200 https://registry.npmjs.org/@colors%2fcolors 30ms (cache hit)
npm http fetch GET 200 https://registry.npmjs.org/lodash.once 32ms (cache hit)
npm http fetch GET 200 https://registry.npmjs.org/base64-js 32ms (cache hit)
npm http fetch GET 200 https://registry.npmjs.org/is-stream 30ms (cache hit)
npm http fetch GET 200 https://registry.npmjs.org/npm-run-path 30ms (cache hit)
npm http fetch GET 200 https://registry.npmjs.org/merge-stream 31ms (cache hit)
npm http fetch GET 200 https://registry.npmjs.org/@types%2fyauzl 29ms (cache hit)
npm http fetch GET 200 https://registry.npmjs.org/get-stream 33ms (cache hit)
npm http fetch GET 200 https://registry.npmjs.org/human-signals 32ms (cache hit)
npm http fetch GET 200 https://registry.npmjs.org/cross-spawn 34ms (cache hit)
npm http fetch GET 200 https://registry.npmjs.org/strip-final-newline 34ms (cache hit)
npm http fetch GET 200 https://registry.npmjs.org/at-least-node 32ms (cache hit)
npm http fetch GET 200 https://registry.npmjs.org/get-stream 33ms (cache hit)
npm http fetch GET 200 https://registry.npmjs.org/ci-info 32ms (cache hit)
npm http fetch GET 200 https://registry.npmjs.org/signal-exit 36ms (cache hit)
npm http fetch GET 200 https://registry.npmjs.org/is-path-inside 31ms (cache hit)
npm http fetch GET 200 https://registry.npmjs.org/global-dirs 33ms (cache hit)
npm http fetch GET 200 https://registry.npmjs.org/p-map 31ms (cache hit)
npm http fetch GET 200 https://registry.npmjs.org/rfdc 32ms (cache hit)
npm http fetch GET 200 https://registry.npmjs.org/rxjs 34ms (cache hit)
npm http fetch GET 200 https://registry.npmjs.org/wrap-ansi 24ms (cache hit)
npm http fetch GET 200 https://registry.npmjs.org/colorette 26ms (cache hit)
npm http fetch GET 200 https://registry.npmjs.org/through 28ms (cache hit)
npm http fetch GET 200 https://registry.npmjs.org/cli-truncate 25ms (cache hit)
npm http fetch GET 200 https://registry.npmjs.org/log-update 26ms (cache hit)
npm http fetch GET 200 https://registry.npmjs.org/is-unicode-supported 25ms (cache hit)
npm http fetch GET 200 https://registry.npmjs.org/fd-slicer 23ms (cache hit)
npm http fetch GET 200 https://registry.npmjs.org/throttleit 25ms (cache hit)
npm http fetch GET 200 https://registry.npmjs.org/jsprim 10ms (cache hit)
npm http fetch GET 200 https://registry.npmjs.org/delayed-stream 12ms (cache hit)
npm http fetch GET 200 https://registry.npmjs.org/side-channel 10ms (cache hit)
npm http fetch GET 200 https://registry.npmjs.org/assert-plus 12ms (cache hit)
npm http fetch GET 200 https://registry.npmjs.org/asynckit 13ms (cache hit)
npm http fetch GET 200 https://registry.npmjs.org/sshpk 12ms (cache hit)
npm http fetch GET 200 https://registry.npmjs.org/mime-db 12ms (cache hit)
npm http fetch GET 200 https://registry.npmjs.org/punycode 14ms (cache hit)
npm http fetch GET 200 https://registry.npmjs.org/url-parse 13ms (cache hit)
npm http fetch GET 200 https://registry.npmjs.org/psl 15ms (cache hit)
npm http fetch GET 200 https://registry.npmjs.org/lodash.isempty 16ms (cache hit)
npm http fetch GET 200 https://registry.npmjs.org/lodash.isfunction 18ms (cache hit)
npm http fetch GET 200 https://registry.npmjs.org/yargs 19ms (cache hit)
npm http fetch GET 200 https://registry.npmjs.org/lodash.isstring 23ms (cache hit)
npm http fetch GET 200 https://registry.npmjs.org/fsu 21ms (cache hit)
npm http fetch GET 200 https://registry.npmjs.org/lodash.isobject 24ms (cache hit)
npm http fetch GET 200 https://registry.npmjs.org/opener 21ms (cache hit)
npm http fetch GET 200 https://registry.npmjs.org/escape-html 24ms (cache hit)
npm http fetch GET 200 https://registry.npmjs.org/dateformat 24ms (cache hit)
npm http fetch GET 200 https://registry.npmjs.org/prop-types 22ms (cache hit)
npm http fetch GET 200 https://registry.npmjs.org/tcomb-validation 23ms (cache hit)
npm http fetch GET 200 https://registry.npmjs.org/lodash.isfunction 25ms (cache hit)
npm http fetch GET 200 https://registry.npmjs.org/tcomb 24ms (cache hit)
npm http fetch GET 200 https://registry.npmjs.org/validator 25ms (cache hit)
npm http fetch GET 200 https://registry.npmjs.org/yargs 27ms (cache hit)
npm http fetch GET 200 https://registry.npmjs.org/file-type 83ms (cache revalidated)
npm http fetch GET 200 https://registry.npmjs.org/is-natural-number 85ms (cache revalidated)
npm http fetch GET 200 https://registry.npmjs.org/file-type 101ms (cache revalidated)
npm http fetch GET 200 https://registry.npmjs.org/file-type 104ms (cache revalidated)
npm http fetch GET 200 https://registry.npmjs.org/file-type 122ms (cache revalidated)
npm http fetch GET 200 https://registry.npmjs.org/unbzip2-stream 660ms (cache revalidated)
npm http fetch GET 200 https://registry.npmjs.org/seek-bzip 672ms (cache revalidated)
npm http fetch GET 200 https://registry.npmjs.org/to-buffer 43ms (cache revalidated)
npm http fetch GET 200 https://registry.npmjs.org/xtend 95ms (cache revalidated)
npm http fetch GET 200 https://registry.npmjs.org/buffer-alloc 696ms (cache revalidated)
npm http fetch GET 200 https://registry.npmjs.org/object-assign 3ms (cache hit)
npm http fetch GET 200 https://registry.npmjs.org/pinkie-promise 258ms (cache revalidated)
npm http fetch GET 200 https://registry.npmjs.org/ansi-regex 2ms (cache hit)
npm http fetch GET 200 https://registry.npmjs.org/shebang-command 7ms (cache hit)
npm http fetch GET 200 https://registry.npmjs.org/path-key 8ms (cache hit)
npm http fetch GET 200 https://registry.npmjs.org/pump 7ms (cache hit)
npm http fetch GET 200 https://registry.npmjs.org/path-key 8ms (cache hit)
npm http fetch GET 200 https://registry.npmjs.org/which 9ms (cache hit)
npm http fetch GET 200 https://registry.npmjs.org/mimic-fn 9ms (cache hit)
npm http fetch GET 200 https://registry.npmjs.org/isexe 2ms (cache hit)
npm http fetch GET 200 https://registry.npmjs.org/shebang-regex 3ms (cache hit)
npm http fetch GET 200 https://registry.npmjs.org/@types%2fnode 12ms (cache hit)
npm http fetch GET 200 https://registry.npmjs.org/undici-types 3ms (cache hit)
npm http fetch GET 200 https://registry.npmjs.org/pinkie 291ms (cache revalidated)
npm http fetch GET 200 https://registry.npmjs.org/wrappy 5ms (cache hit)
npm http fetch GET 200 https://registry.npmjs.org/brace-expansion 6ms (cache hit)
npm http fetch GET 200 https://registry.npmjs.org/wrappy 7ms (cache hit)
npm http fetch GET 200 https://registry.npmjs.org/dashdash 9ms (cache hit)
npm http fetch GET 200 https://registry.npmjs.org/extsprintf 12ms (cache hit)
npm http fetch GET 200 https://registry.npmjs.org/json-schema 12ms (cache hit)
npm http fetch GET 200 https://registry.npmjs.org/verror 13ms (cache hit)
npm http fetch GET 200 https://registry.npmjs.org/asn1 14ms (cache hit)
npm http fetch GET 200 https://registry.npmjs.org/getpass 14ms (cache hit)
npm http fetch GET 200 https://registry.npmjs.org/tweetnacl 13ms (cache hit)
npm http fetch GET 200 https://registry.npmjs.org/bcrypt-pbkdf 14ms (cache hit)
npm http fetch GET 200 https://registry.npmjs.org/ecc-jsbn 14ms (cache hit)
npm http fetch GET 200 https://registry.npmjs.org/jsbn 16ms (cache hit)
npm http fetch GET 200 https://registry.npmjs.org/safer-buffer 16ms (cache hit)
npm http fetch GET 200 https://registry.npmjs.org/ansi-escapes 7ms (cache hit)
npm http fetch GET 200 https://registry.npmjs.org/tslib 7ms (cache hit)
npm http fetch GET 200 https://registry.npmjs.org/aggregate-error 9ms (cache hit)
npm http fetch GET 200 https://registry.npmjs.org/astral-regex 1ms (cache hit)
npm http fetch GET 200 https://registry.npmjs.org/type-fest 2ms (cache hit)
npm http fetch GET 200 https://registry.npmjs.org/balanced-match 2ms (cache hit)
npm http fetch GET 200 https://registry.npmjs.org/concat-map 3ms (cache hit)
npm http fetch GET 200 https://registry.npmjs.org/locate-path 18ms (cache hit)
npm http fetch GET 200 https://registry.npmjs.org/path-exists 18ms (cache hit)
npm http fetch GET 200 https://registry.npmjs.org/escalade 17ms (cache hit)
npm http fetch GET 200 https://registry.npmjs.org/camelcase 17ms (cache hit)
npm http fetch GET 200 https://registry.npmjs.org/readdirp 50ms (cache revalidated)
npm http fetch GET 200 https://registry.npmjs.org/argparse 53ms (cache revalidated)
npm http fetch GET 200 https://registry.npmjs.org/anymatch 58ms (cache revalidated)
npm http fetch GET 200 https://registry.npmjs.org/is-glob 59ms (cache revalidated)
npm http fetch GET 200 https://registry.npmjs.org/is-plain-obj 54ms (cache revalidated)
npm http fetch GET 200 https://registry.npmjs.org/is-binary-path 61ms (cache revalidated)
npm http fetch GET 200 https://registry.npmjs.org/randombytes 60ms (cache revalidated)
npm http fetch GET 200 https://registry.npmjs.org/glob-parent 63ms (cache revalidated)
npm http fetch GET 200 https://registry.npmjs.org/braces 82ms (cache revalidated)
npm http fetch GET 200 https://registry.npmjs.org/fsevents 88ms (cache revalidated)
npm http fetch GET 200 https://registry.npmjs.org/flat 679ms (cache revalidated)
npm http fetch GET 200 https://registry.npmjs.org/fill-range 49ms (cache revalidated)
npm http fetch GET 200 https://registry.npmjs.org/is-extglob 255ms (cache revalidated)
npm http fetch GET 200 https://registry.npmjs.org/binary-extensions 260ms (cache revalidated)
npm http fetch GET 200 https://registry.npmjs.org/picomatch 261ms (cache revalidated)
npm http fetch GET 200 https://registry.npmjs.org/picomatch 676ms (cache revalidated)
npm http fetch GET 200 https://registry.npmjs.org/to-regex-range 46ms (cache revalidated)
npm http fetch GET 200 https://registry.npmjs.org/is-number 57ms (cache revalidated)
npm http fetch GET 200 https://registry.npmjs.org/p-locate 2ms (cache hit)
npm http fetch GET 200 https://registry.npmjs.org/p-limit 3ms (cache hit)
npm http fetch GET 200 https://registry.npmjs.org/loose-envify 4ms (cache hit)
npm http fetch GET 200 https://registry.npmjs.org/react-is 8ms (cache hit)
npm http fetch GET 200 https://registry.npmjs.org/easy-stack 76ms (cache revalidated)
npm http fetch GET 200 https://registry.npmjs.org/yocto-queue 47ms (cache revalidated)
npm http fetch GET 200 https://registry.npmjs.org/clean-stack 3ms (cache hit)
npm http fetch GET 200 https://registry.npmjs.org/indent-string 4ms (cache hit)
npm http fetch GET 200 https://registry.npmjs.org/js-tokens 2ms (cache hit)
npm http fetch GET 200 https://registry.npmjs.org/from 55ms (cache revalidated)
npm http fetch GET 200 https://registry.npmjs.org/duplexer 65ms (cache revalidated)
npm http fetch GET 200 https://registry.npmjs.org/split 76ms (cache revalidated)
npm http fetch GET 200 https://registry.npmjs.org/stream-combiner 79ms (cache revalidated)
npm http fetch GET 200 https://registry.npmjs.org/map-stream 659ms (cache revalidated)
npm http fetch GET 200 https://registry.npmjs.org/pause-stream 687ms (cache revalidated)
npm http fetch GET 200 https://registry.npmjs.org/es-errors 5ms (cache hit)
npm http fetch GET 200 https://registry.npmjs.org/object-inspect 5ms (cache hit)
npm http fetch GET 200 https://registry.npmjs.org/get-intrinsic 7ms (cache hit)
npm http fetch GET 200 https://registry.npmjs.org/call-bind 8ms (cache hit)
npm http fetch GET 200 https://registry.npmjs.org/ajv 6ms (cache hit)
npm http fetch GET 200 https://registry.npmjs.org/har-schema 40ms (cache revalidated)
npm http fetch GET 200 https://registry.npmjs.org/fast-deep-equal 36ms (cache revalidated)
npm http fetch GET 200 https://registry.npmjs.org/json-schema-traverse 38ms (cache revalidated)
npm http fetch GET 200 https://registry.npmjs.org/uri-js 690ms (cache revalidated)
npm http fetch GET 200 https://registry.npmjs.org/fast-json-stable-stringify 689ms (cache revalidated)
npm http fetch GET 200 https://registry.npmjs.org/es-define-property 7ms (cache hit)
npm http fetch GET 200 https://registry.npmjs.org/set-function-length 8ms (cache hit)
npm http fetch GET 200 https://registry.npmjs.org/has-symbols 8ms (cache hit)
npm http fetch GET 200 https://registry.npmjs.org/has-proto 8ms (cache hit)
npm http fetch GET 200 https://registry.npmjs.org/function-bind 10ms (cache hit)
npm http fetch GET 200 https://registry.npmjs.org/hasown 9ms (cache hit)
npm http fetch GET 200 https://registry.npmjs.org/function-bind 10ms (cache hit)
npm http fetch GET 200 https://registry.npmjs.org/gopd 3ms (cache hit)
npm http fetch GET 200 https://registry.npmjs.org/has-property-descriptors 3ms (cache hit)
npm http fetch GET 200 https://registry.npmjs.org/define-data-property 4ms (cache hit)
npm http fetch GET 200 https://registry.npmjs.org/querystringify 3ms (cache hit)
npm http fetch GET 200 https://registry.npmjs.org/requires-port 3ms (cache hit)
npm http fetch GET 200 https://registry.npmjs.org/widest-line 45ms (cache revalidated)
npm http fetch GET 200 https://registry.npmjs.org/cli-boxes 47ms (cache revalidated)
npm http fetch GET 200 https://registry.npmjs.org/ansi-align 49ms (cache revalidated)
npm http fetch GET 200 https://registry.npmjs.org/package-json 49ms (cache revalidated)
npm http fetch GET 200 https://registry.npmjs.org/unique-string 50ms (cache revalidated)
npm http fetch GET 200 https://registry.npmjs.org/escape-goat 55ms (cache revalidated)
npm http fetch GET 200 https://registry.npmjs.org/write-file-atomic 56ms (cache revalidated)
npm http fetch GET 200 https://registry.npmjs.org/dot-prop 72ms (cache revalidated)
npm http fetch GET 200 https://registry.npmjs.org/eastasianwidth 65ms (cache revalidated)
npm http fetch GET 200 https://registry.npmjs.org/typedarray-to-buffer 37ms (cache revalidated)
npm http fetch GET 200 https://registry.npmjs.org/is-obj 39ms (cache revalidated)
npm http fetch GET 200 https://registry.npmjs.org/imurmurhash 53ms (cache revalidated)
npm http fetch GET 200 https://registry.npmjs.org/crypto-random-string 271ms (cache revalidated)
npm http fetch GET 200 https://registry.npmjs.org/registry-url 45ms (cache revalidated)
npm http fetch GET 200 https://registry.npmjs.org/got 272ms (cache revalidated)
npm http fetch GET 200 https://registry.npmjs.org/registry-auth-token 689ms (cache revalidated)
npm http fetch GET 200 https://registry.npmjs.org/cacheable-lookup 47ms (cache revalidated)
npm http fetch GET 200 https://registry.npmjs.org/cacheable-request 57ms (cache revalidated)
npm http fetch GET 200 https://registry.npmjs.org/responselike 61ms (cache revalidated)
npm http fetch GET 200 https://registry.npmjs.org/p-cancelable 64ms (cache revalidated)
npm http fetch GET 200 https://registry.npmjs.org/decompress-response 63ms (cache revalidated)
npm http fetch GET 200 https://registry.npmjs.org/http2-wrapper 78ms (cache revalidated)
npm http fetch GET 200 https://registry.npmjs.org/@sindresorhus%2fis 82ms (cache revalidated)
npm http fetch GET 200 https://registry.npmjs.org/@pnpm%2fnpm-conf 89ms (cache revalidated)
npm http fetch GET 200 https://registry.npmjs.org/@szmarczak%2fhttp-timer 90ms (cache revalidated)
npm http fetch GET 200 https://registry.npmjs.org/rc 263ms (cache revalidated)
npm http fetch GET 200 https://registry.npmjs.org/form-data-encoder 654ms (cache revalidated)
npm http fetch GET 200 https://registry.npmjs.org/lowercase-keys 700ms (cache revalidated)
npm http fetch GET 200 https://registry.npmjs.org/defer-to-connect 52ms (cache revalidated)
npm http fetch GET 200 https://registry.npmjs.org/normalize-url 56ms (cache revalidated)
npm http fetch GET 200 https://registry.npmjs.org/quick-lru 57ms (cache revalidated)
npm http fetch GET 200 https://registry.npmjs.org/http-cache-semantics 62ms (cache revalidated)
npm http fetch GET 200 https://registry.npmjs.org/mimic-response 60ms (cache revalidated)
npm http fetch GET 200 https://registry.npmjs.org/mimic-response 81ms (cache revalidated)
npm http fetch GET 200 https://registry.npmjs.org/resolve-alpn 85ms (cache revalidated)
npm http fetch GET 200 https://registry.npmjs.org/@types%2fhttp-cache-semantics 297ms (cache revalidated)
npm http fetch GET 200 https://registry.npmjs.org/keyv 679ms (cache revalidated)
npm http fetch GET 200 https://registry.npmjs.org/json-buffer 55ms (cache revalidated)
npm http fetch GET 200 https://registry.npmjs.org/config-chain 54ms (cache revalidated)
npm http fetch GET 200 https://registry.npmjs.org/@pnpm%2fnetwork.ca-file 306ms (cache revalidated)
npm http fetch GET 200 https://registry.npmjs.org/@pnpm%2fconfig.env-replace 777ms (cache revalidated)
npm http fetch GET 200 https://registry.npmjs.org/proto-list 55ms (cache revalidated)
npm http fetch GET 200 https://registry.npmjs.org/deep-extend 268ms (cache revalidated)
npm http fetch GET 200 https://registry.npmjs.org/pend 4ms (cache hit)
npm http fetch GET 200 https://registry.npmjs.org/crc32-stream 269ms (cache revalidated)
npm http fetch GET 200 https://registry.npmjs.org/crc-32 47ms (cache revalidated)
npm http fetch GET 200 https://registry.npmjs.org/buffer-fill 45ms (cache revalidated)
npm http fetch GET 200 https://registry.npmjs.org/buffer-alloc-unsafe 84ms (cache revalidated)
npm http fetch GET 200 https://registry.npmjs.org/p-try 3ms (cache hit)
npm verbose reify failed optional dependency C:\Users\mayco\Downloads\Pós Automação\E2E\atividadeAvaliativa\tmpBstackPackages\node_modules\fsevents
npm http fetch POST 200 https://registry.npmjs.org/-/npm/v1/security/advisories/bulk 335ms
npm warn deprecated inflight@1.0.6: This module is not supported, and leaks memory. Do not use it. Check out lru-cache if you want a good and tested way to coalesce async requests by a key value, which is much more comprehensive and powerful.
npm warn deprecated rimraf@2.5.4: Rimraf versions prior to v4 are no longer supported
npm warn deprecated har-validator@5.1.5: this library is no longer supported
npm warn deprecated glob@7.2.3: Glob versions prior to v9 are no longer supported
npm warn deprecated glob@8.1.0: Glob versions prior to v9 are no longer supported
npm http fetch GET 200 https://registry.npmjs.org/request 269ms (cache revalidated)
npm http fetch GET 200 https://registry.npmjs.org/tough-cookie 274ms (cache revalidated)
npm warn deprecated uuid@3.4.0: Please upgrade  to version 7 or higher.  Older versions may use Math.random() in certain circumstances, which is known to be problematic.  See https://v8.dev/blog/math-random for details.
npm warn deprecated request@2.88.2: request has been deprecated, see https://github.com/request/request/issues/3142
npm http fetch GET 200 https://registry.npmjs.org/browserstack-cypress-cli 714ms (cache revalidated)
npm info run cypress@13.13.2 postinstall node_modules/cypress node index.js --exec install
npm info run cypress@13.13.2 postinstall { code: 0, signal: null }

added 501 packages, and audited 502 packages in 20s

96 packages are looking for funding
  run `npm fund` for details

3 moderate severity vulnerabilities

To address all issues (including breaking changes), run:
  npm audit fix --force

Run `npm audit` for details.
npm verbose cwd C:\Users\mayco\Downloads\Pós Automação\E2E\atividadeAvaliativa\tmpBstackPackages
npm verbose os Windows_NT 10.0.22631
npm verbose node v20.11.0
npm verbose npm  v10.8.1
npm verbose exit 0
npm info ok
